build/app/intermediates/manifest_merge_blame_file/debug/manifest-merger-blame-debug-report.txt
1<?xml version="1.0" encoding="utf-8"?>
2<manifest xmlns:android="http://schemas.android.com/apk/res/android"
3    package="com.mamaket.app"
4    android:versionCode="1"
5    android:versionName="1.0.0" >
6
7    <uses-sdk
8        android:minSdkVersion="16"
9        android:targetSdkVersion="29" />
10    <!--
11         Flutter needs it to communicate with the running application
12         to allow setting breakpoints, to provide hot reload, etc.
13    -->
14    <uses-permission android:name="android.permission.INTERNET" />
14-->src/main/AndroidManifest.xml:9:5-66
14-->src/main/AndroidManifest.xml:9:22-64
15    <!--
16     io.flutter.app.FlutterApplication is an android.app.Application that
17         calls FlutterMain.startInitialization(this); in its onCreate method.
18         In most cases you can leave this as-is, but you if you want to provide
19         additional functionality it is fine to subclass or reimplement
20         FlutterApplication and put your custom class here.
21    -->
22    <uses-permission android:name="android.permission.ACCESS_FINE_LOCATION" />
22-->src/main/AndroidManifest.xml:8:5-79
22-->src/main/AndroidManifest.xml:8:22-76
23    <uses-permission android:name="android.permission.READ_EXTERNAL_STORAGE" />
23-->[:image_picker] AndroidManifest.xml:7:5-80
23-->[:image_picker] AndroidManifest.xml:7:22-77
24    <uses-permission android:name="android.permission.WRITE_EXTERNAL_STORAGE" />
24-->[:image_picker] AndroidManifest.xml:8:5-81
24-->[:image_picker] AndroidManifest.xml:8:22-78
25    <uses-permission android:name="android.permission.ACCESS_COARSE_LOCATION" />
25-->[:location] AndroidManifest.xml:7:5-81
25-->[:location] AndroidManifest.xml:7:22-78
26    <uses-permission android:name="android.permission.ACCESS_NETWORK_STATE" />
26-->[com.google.firebase:firebase-iid:20.0.1] AndroidManifest.xml:22:5-79
26-->[com.google.firebase:firebase-iid:20.0.1] AndroidManifest.xml:22:22-76
27    <uses-permission android:name="android.permission.WAKE_LOCK" /> <!-- Required by older versions of Google Play services to create IID tokens -->
27-->[com.google.firebase:firebase-iid:20.0.1] AndroidManifest.xml:24:5-68
27-->[com.google.firebase:firebase-iid:20.0.1] AndroidManifest.xml:24:22-65
28    <uses-permission android:name="com.google.android.c2dm.permission.RECEIVE" />
28-->[com.google.firebase:firebase-iid:20.0.1] AndroidManifest.xml:26:5-82
28-->[com.google.firebase:firebase-iid:20.0.1] AndroidManifest.xml:26:22-79
29
30    <application
30-->src/main/AndroidManifest.xml:11:5-57:19
31        android:name="io.flutter.app.FlutterApplication"
31-->src/main/AndroidManifest.xml:12:9-57
32        android:appComponentFactory="androidx.core.app.CoreComponentFactory"
32-->[androidx.core:core:1.1.0] AndroidManifest.xml:24:18-86
33        android:debuggable="true"
34        android:icon="@mipmap/ic_launcher"
34-->src/main/AndroidManifest.xml:14:9-43
35        android:label="Mamaket" >
35-->src/main/AndroidManifest.xml:13:9-32
36        <activity
36-->src/main/AndroidManifest.xml:15:9-47:20
37            android:name="com.mamaket.app.MainActivity"
37-->src/main/AndroidManifest.xml:16:13-41
38            android:configChanges="orientation|keyboardHidden|keyboard|screenSize|smallestScreenSize|locale|layoutDirection|fontScale|screenLayout|density|uiMode"
38-->src/main/AndroidManifest.xml:19:13-163
39            android:hardwareAccelerated="true"
39-->src/main/AndroidManifest.xml:20:13-47
40            android:launchMode="singleTop"
40-->src/main/AndroidManifest.xml:17:13-43
41            android:theme="@style/LaunchTheme"
41-->src/main/AndroidManifest.xml:18:13-47
42            android:windowSoftInputMode="adjustResize" >
42-->src/main/AndroidManifest.xml:21:13-55
43
44            <!--
45                 Specifies an Android theme to apply to this Activity as soon as
46                 the Android process has started. This theme is visible to the user
47                 while the Flutter UI initializes. After that, this theme continues
48                 to determine the Window background behind the Flutter UI.
49            -->
50            <meta-data
50-->src/main/AndroidManifest.xml:26:13-29:15
51                android:name="io.flutter.embedding.android.NormalTheme"
51-->src/main/AndroidManifest.xml:27:15-70
52                android:resource="@style/NormalTheme" />
52-->src/main/AndroidManifest.xml:28:15-52
53            <!--
54                 Displays an Android View that continues showing the launch screen
55                 Drawable until Flutter paints its first frame, then this splash
56                 screen fades out. A splash screen is useful to avoid any visual
57                 gap between the end of Android's launch screen and the painting of
58                 Flutter's first frame.
59            -->
60            <meta-data
60-->src/main/AndroidManifest.xml:35:13-38:17
61                android:name="io.flutter.embedding.android.SplashScreenDrawable"
61-->src/main/AndroidManifest.xml:36:15-79
62                android:resource="@drawable/launch_background" />
62-->src/main/AndroidManifest.xml:37:15-61
63
64            <intent-filter>
64-->src/main/AndroidManifest.xml:39:13-42:29
65                <action android:name="android.intent.action.MAIN" />
65-->src/main/AndroidManifest.xml:40:17-68
65-->src/main/AndroidManifest.xml:40:25-66
66
67                <category android:name="android.intent.category.LAUNCHER" />
67-->src/main/AndroidManifest.xml:41:17-76
67-->src/main/AndroidManifest.xml:41:27-74
68            </intent-filter>
69            <intent-filter>
69-->src/main/AndroidManifest.xml:43:13-46:29
70                <action android:name="FLUTTER_NOTIFICATION_CLICK" />
70-->src/main/AndroidManifest.xml:44:17-69
70-->src/main/AndroidManifest.xml:44:25-66
71
72                <category android:name="android.intent.category.DEFAULT" />
72-->src/main/AndroidManifest.xml:45:17-76
72-->src/main/AndroidManifest.xml:45:27-73
73            </intent-filter>
74        </activity>
75        <activity
75-->src/main/AndroidManifest.xml:48:9-51:71
76            android:name="com.yalantis.ucrop.UCropActivity"
76-->src/main/AndroidManifest.xml:49:13-60
77            android:screenOrientation="portrait"
77-->src/main/AndroidManifest.xml:50:13-49
78            android:theme="@style/Theme.AppCompat.Light.NoActionBar" />
78-->src/main/AndroidManifest.xml:51:13-69
79        <!--
80             Don't delete the meta-data below.
81             This is used by the Flutter tool to generate GeneratedPluginRegistrant.java
82        -->
83        <meta-data
83-->src/main/AndroidManifest.xml:54:9-56:33
84            android:name="flutterEmbedding"
84-->src/main/AndroidManifest.xml:55:13-44
85            android:value="2" />
85-->src/main/AndroidManifest.xml:56:13-30
86
87        <provider
87-->[:image_picker] AndroidManifest.xml:11:9-19:20
88            android:name="io.flutter.plugins.imagepicker.ImagePickerFileProvider"
88-->[:image_picker] AndroidManifest.xml:12:13-82
89            android:authorities="com.mamaket.app.flutter.image_provider"
89-->[:image_picker] AndroidManifest.xml:13:13-74
90            android:exported="false"
90-->[:image_picker] AndroidManifest.xml:14:13-37
91            android:grantUriPermissions="true" >
91-->[:image_picker] AndroidManifest.xml:15:13-47
92            <meta-data
92-->[:image_picker] AndroidManifest.xml:16:13-18:75
93                android:name="android.support.FILE_PROVIDER_PATHS"
93-->[:image_picker] AndroidManifest.xml:17:17-67
94                android:resource="@xml/flutter_image_picker_file_paths" />
94-->[:image_picker] AndroidManifest.xml:18:17-72
95        </provider>
96
97        <service android:name="io.flutter.plugins.firebasemessaging.FlutterFirebaseMessagingService" >
97-->[:firebase_messaging] AndroidManifest.xml:8:9-12:19
97-->[:firebase_messaging] AndroidManifest.xml:8:18-101
98            <intent-filter>
98-->[:firebase_messaging] AndroidManifest.xml:9:13-11:29
99                <action android:name="com.google.firebase.MESSAGING_EVENT" />
99-->[:firebase_messaging] AndroidManifest.xml:10:17-78
99-->[:firebase_messaging] AndroidManifest.xml:10:25-75
100            </intent-filter>
101        </service>
102        <service
102-->[:firebase_messaging] AndroidManifest.xml:13:9-17:19
103            android:name="com.google.firebase.components.ComponentDiscoveryService"
103-->[:firebase_messaging] AndroidManifest.xml:13:18-89
104            android:directBootAware="true"
104-->[com.google.firebase:firebase-common:19.2.0] AndroidManifest.xml:15:13-43
105            android:exported="false" >
105-->[com.google.firebase:firebase-iid:20.0.1] AndroidManifest.xml:31:13-37
106            <meta-data
106-->[:firebase_messaging] AndroidManifest.xml:14:13-16:85
107                android:name="com.google.firebase.components:io.flutter.plugins.firebasemessaging.FlutterFirebaseAppRegistrar"
107-->[:firebase_messaging] AndroidManifest.xml:15:17-127
108                android:value="com.google.firebase.components.ComponentRegistrar" />
108-->[:firebase_messaging] AndroidManifest.xml:16:17-82
109            <meta-data
109-->[com.google.firebase:firebase-iid:20.0.1] AndroidManifest.xml:32:13-34:85
110                android:name="com.google.firebase.components:com.google.firebase.iid.Registrar"
110-->[com.google.firebase:firebase-iid:20.0.1] AndroidManifest.xml:33:17-96
111                android:value="com.google.firebase.components.ComponentRegistrar" />
111-->[com.google.firebase:firebase-iid:20.0.1] AndroidManifest.xml:34:17-82
112        </service>
113
114        <activity
114-->[:url_launcher] AndroidManifest.xml:8:9-11:74
115            android:name="io.flutter.plugins.urllauncher.WebViewActivity"
115-->[:url_launcher] AndroidManifest.xml:9:13-74
116            android:exported="false"
116-->[:url_launcher] AndroidManifest.xml:10:13-37
117            android:theme="@android:style/Theme.NoTitleBar.Fullscreen" />
117-->[:url_launcher] AndroidManifest.xml:11:13-71
118        <activity
118-->[:flutter_paystack] AndroidManifest.xml:10:9-12:54
119            android:name="co.paystack.flutterpaystack.AuthActivity"
119-->[:flutter_paystack] AndroidManifest.xml:11:13-68
120            android:theme="@style/Paystack.Dialog" />
120-->[:flutter_paystack] AndroidManifest.xml:12:13-51
121        <!--
122             FirebaseMessagingService performs security checks at runtime,
123             but set to not exported to explicitly avoid allowing another app to call it.
124        -->
125        <service
125-->[com.google.firebase:firebase-messaging:20.0.1] AndroidManifest.xml:28:9-34:19
126            android:name="com.google.firebase.messaging.FirebaseMessagingService"
126-->[com.google.firebase:firebase-messaging:20.0.1] AndroidManifest.xml:29:13-82
127            android:exported="false" >
127-->[com.google.firebase:firebase-messaging:20.0.1] AndroidManifest.xml:30:13-37
128            <intent-filter android:priority="-500" >
128-->[:firebase_messaging] AndroidManifest.xml:9:13-11:29
129                <action android:name="com.google.firebase.MESSAGING_EVENT" />
129-->[:firebase_messaging] AndroidManifest.xml:10:17-78
129-->[:firebase_messaging] AndroidManifest.xml:10:25-75
130            </intent-filter>
131        </service>
132
133        <receiver
133-->[com.google.firebase:firebase-iid:20.0.1] AndroidManifest.xml:37:9-44:20
134            android:name="com.google.firebase.iid.FirebaseInstanceIdReceiver"
134-->[com.google.firebase:firebase-iid:20.0.1] AndroidManifest.xml:38:13-78
135            android:exported="true"
135-->[com.google.firebase:firebase-iid:20.0.1] AndroidManifest.xml:39:13-36
136            android:permission="com.google.android.c2dm.permission.SEND" >
136-->[com.google.firebase:firebase-iid:20.0.1] AndroidManifest.xml:40:13-73
137            <intent-filter>
137-->[com.google.firebase:firebase-iid:20.0.1] AndroidManifest.xml:41:13-43:29
138                <action android:name="com.google.android.c2dm.intent.RECEIVE" />
138-->[com.google.firebase:firebase-iid:20.0.1] AndroidManifest.xml:42:17-81
138-->[com.google.firebase:firebase-iid:20.0.1] AndroidManifest.xml:42:25-78
139            </intent-filter>
140        </receiver>
141
142        <provider
142-->[com.google.firebase:firebase-common:19.2.0] AndroidManifest.xml:19:9-23:39
143            android:name="com.google.firebase.provider.FirebaseInitProvider"
143-->[com.google.firebase:firebase-common:19.2.0] AndroidManifest.xml:20:13-77
144            android:authorities="com.mamaket.app.firebaseinitprovider"
144-->[com.google.firebase:firebase-common:19.2.0] AndroidManifest.xml:21:13-72
145            android:exported="false"
145-->[com.google.firebase:firebase-common:19.2.0] AndroidManifest.xml:22:13-37
146            android:initOrder="100" />
146-->[com.google.firebase:firebase-common:19.2.0] AndroidManifest.xml:23:13-36
147
148        <activity
148-->[com.google.android.gms:play-services-base:17.0.0] AndroidManifest.xml:23:9-26:75
149            android:name="com.google.android.gms.common.api.GoogleApiActivity"
149-->[com.google.android.gms:play-services-base:17.0.0] AndroidManifest.xml:24:13-79
150            android:exported="false"
150-->[com.google.android.gms:play-services-base:17.0.0] AndroidManifest.xml:25:13-37
151            android:theme="@android:style/Theme.Translucent.NoTitleBar" />
151-->[com.google.android.gms:play-services-base:17.0.0] AndroidManifest.xml:26:13-72
152
153        <meta-data
153-->[com.google.android.gms:play-services-basement:17.0.0] AndroidManifest.xml:23:9-25:69
154            android:name="com.google.android.gms.version"
154-->[com.google.android.gms:play-services-basement:17.0.0] AndroidManifest.xml:24:13-58
155            android:value="@integer/google_play_services_version" />
155-->[com.google.android.gms:play-services-basement:17.0.0] AndroidManifest.xml:25:13-66
156    </application>
157
158</manifest>